<?xml version="1.0" encoding="UTF-8"?>
<!-- Generated by org.testng.reporters.JUnitReportReporter -->
<testsuite skipped="0" hostname="Binooos-PC" name="test.FirstSeleniumTest" tests="1" failures="0" timestamp="22 Sep 2019 07:37:56 GMT" time="26.585" errors="0">
  <testcase name="check" time="26.585" classname="test.FirstSeleniumTest"/>
</testsuite> <!-- test.FirstSeleniumTest -->
